This is pdfTeX, Version 3.141592653-2.6-1.40.24 (TeX Live 2022) (preloaded format=pdflatex 2022.6.14)  14 JUN 2022 19:11
entering extended mode
 restricted \write18 enabled.
 %&-line parsing enabled.
**РћС‚С‡С‘С‚.tex
(./РћС‚С‡С‘С‚.tex
LaTeX2e <2022-06-01> pre-release-0 (develop 2022-6-14 branch)
L3 programming layer <2022-06-02>
(d:/ProgramFiles/texlive/2022/texmf-dist/tex/latex/base/report.cls
Document Class: report 2021/10/04 v1.4n Standard LaTeX document class
(d:/ProgramFiles/texlive/2022/texmf-dist/tex/latex/base/size10.clo
File: size10.clo 2021/10/04 v1.4n Standard LaTeX file (size option)
)
\c@part=\count185
\c@chapter=\count186
\c@section=\count187
\c@subsection=\count188
\c@subsubsection=\count189
\c@paragraph=\count190
\c@subparagraph=\count191
\c@figure=\count192
\c@table=\count193
\abovecaptionskip=\skip47
\belowcaptionskip=\skip48
\bibindent=\dimen138
)
(./Packages.sty
Package: Packages 

(d:/ProgramFiles/texlive/2022/texmf-dist/tex/latex/cmap/cmap.sty
Package: cmap 2021/02/06 v1.0j CMap support: searchable PDF
)
(d:/ProgramFiles/texlive/2022/texmf-dist/tex/latex/base/inputenc.sty
Package: inputenc 2021/02/14 v1.3d Input encoding file
\inpenc@prehook=\toks16
\inpenc@posthook=\toks17
)
(d:/ProgramFiles/texlive/2022/texmf-dist/tex/latex/base/fontenc.sty
Package: fontenc 2021/04/29 v2.0v Standard LaTeX package
<<t1.cmap>>) (d:/ProgramFiles/texlive/2022/texmf-dist/tex/generic/babel/babel.s
ty
Package: babel 2022/06/06 3.76 The Babel package
\babel@savecnt=\count194
\U@D=\dimen139
\l@unhyphenated=\language87

(d:/ProgramFiles/texlive/2022/texmf-dist/tex/generic/babel/txtbabel.def)
\bbl@readstream=\read2
\bbl@dirlevel=\count195

(d:/ProgramFiles/texlive/2022/texmf-dist/tex/generic/babel-english/english.ldf
Language: english 2017/06/06 v3.3r English support from the babel system
Package babel Info: Hyphen rules for 'canadian' set to \l@english
(babel)             (\language0). Reported on input line 102.
Package babel Info: Hyphen rules for 'australian' set to \l@ukenglish
(babel)             (\language21). Reported on input line 105.
Package babel Info: Hyphen rules for 'newzealand' set to \l@ukenglish
(babel)             (\language21). Reported on input line 108.
)
(d:/ProgramFiles/texlive/2022/texmf-dist/tex/generic/babel-russian/russianb.ldf
File: russianb.ldf 2021/01/10 1.3m Russian support for the Babel system
Language: russian 2020/09/09 1.3k Russian support for the Babel system

Package babel Warning: No Cyrillic font encoding has been loaded so far.
(babel)                A font encoding should be declared before babel.
(babel)                Default `T2A' encoding will be loaded  on input line 78.


(d:/ProgramFiles/texlive/2022/texmf-dist/tex/latex/cyrillic/t2aenc.def
File: t2aenc.def 2005/09/27 v1.0i Cyrillic encoding definition file
Now handling font encoding T2A ...
... processing UTF-8 mapping file for font encoding T2A

(d:/ProgramFiles/texlive/2022/texmf-dist/tex/latex/base/t2aenc.dfu
File: t2aenc.dfu 2022/06/07 v1.3c UTF-8 support
   defining Unicode char U+00A4 (decimal 164)
   defining Unicode char U+00A7 (decimal 167)
   defining Unicode char U+00AB (decimal 171)
   defining Unicode char U+00BB (decimal 187)
   defining Unicode char U+0131 (decimal 305)
   defining Unicode char U+0237 (decimal 567)
   defining Unicode char U+0400 (decimal 1024)
   defining Unicode char U+0401 (decimal 1025)
   defining Unicode char U+0402 (decimal 1026)
   defining Unicode char U+0403 (decimal 1027)
   defining Unicode char U+0404 (decimal 1028)
   defining Unicode char U+0405 (decimal 1029)
   defining Unicode char U+0406 (decimal 1030)
   defining Unicode char U+0407 (decimal 1031)
   defining Unicode char U+0408 (decimal 1032)
   defining Unicode char U+0409 (decimal 1033)
   defining Unicode char U+040A (decimal 1034)
   defining Unicode char U+040B (decimal 1035)
   defining Unicode char U+040C (decimal 1036)
   defining Unicode char U+040D (decimal 1037)
   defining Unicode char U+040E (decimal 1038)
   defining Unicode char U+040F (decimal 1039)
   defining Unicode char U+0410 (decimal 1040)
   defining Unicode char U+0411 (decimal 1041)
   defining Unicode char U+0412 (decimal 1042)
   defining Unicode char U+0413 (decimal 1043)
   defining Unicode char U+0414 (decimal 1044)
   defining Unicode char U+0415 (decimal 1045)
   defining Unicode char U+0416 (decimal 1046)
   defining Unicode char U+0417 (decimal 1047)
   defining Unicode char U+0418 (decimal 1048)
   defining Unicode char U+0419 (decimal 1049)
   defining Unicode char U+041A (decimal 1050)
   defining Unicode char U+041B (decimal 1051)
   defining Unicode char U+041C (decimal 1052)
   defining Unicode char U+041D (decimal 1053)
   defining Unicode char U+041E (decimal 1054)
   defining Unicode char U+041F (decimal 1055)
   defining Unicode char U+0420 (decimal 1056)
   defining Unicode char U+0421 (decimal 1057)
   defining Unicode char U+0422 (decimal 1058)
   defining Unicode char U+0423 (decimal 1059)
   defining Unicode char U+0424 (decimal 1060)
   defining Unicode char U+0425 (decimal 1061)
   defining Unicode char U+0426 (decimal 1062)
   defining Unicode char U+0427 (decimal 1063)
   defining Unicode char U+0428 (decimal 1064)
   defining Unicode char U+0429 (decimal 1065)
   defining Unicode char U+042A (decimal 1066)
   defining Unicode char U+042B (decimal 1067)
   defining Unicode char U+042C (decimal 1068)
   defining Unicode char U+042D (decimal 1069)
   defining Unicode char U+042E (decimal 1070)
   defining Unicode char U+042F (decimal 1071)
   defining Unicode char U+0430 (decimal 1072)
   defining Unicode char U+0431 (decimal 1073)
   defining Unicode char U+0432 (decimal 1074)
   defining Unicode char U+0433 (decimal 1075)
   defining Unicode char U+0434 (decimal 1076)
   defining Unicode char U+0435 (decimal 1077)
   defining Unicode char U+0436 (decimal 1078)
   defining Unicode char U+0437 (decimal 1079)
   defining Unicode char U+0438 (decimal 1080)
   defining Unicode char U+0439 (decimal 1081)
   defining Unicode char U+043A (decimal 1082)
   defining Unicode char U+043B (decimal 1083)
   defining Unicode char U+043C (decimal 1084)
   defining Unicode char U+043D (decimal 1085)
   defining Unicode char U+043E (decimal 1086)
   defining Unicode char U+043F (decimal 1087)
   defining Unicode char U+0440 (decimal 1088)
   defining Unicode char U+0441 (decimal 1089)
   defining Unicode char U+0442 (decimal 1090)
   defining Unicode char U+0443 (decimal 1091)
   defining Unicode char U+0444 (decimal 1092)
   defining Unicode char U+0445 (decimal 1093)
   defining Unicode char U+0446 (decimal 1094)
   defining Unicode char U+0447 (decimal 1095)
   defining Unicode char U+0448 (decimal 1096)
   defining Unicode char U+0449 (decimal 1097)
   defining Unicode char U+044A (decimal 1098)
   defining Unicode char U+044B (decimal 1099)
   defining Unicode char U+044C (decimal 1100)
   defining Unicode char U+044D (decimal 1101)
   defining Unicode char U+044E (decimal 1102)
   defining Unicode char U+044F (decimal 1103)
   defining Unicode char U+0450 (decimal 1104)
   defining Unicode char U+0451 (decimal 1105)
   defining Unicode char U+0452 (decimal 1106)
   defining Unicode char U+0453 (decimal 1107)
   defining Unicode char U+0454 (decimal 1108)
   defining Unicode char U+0455 (decimal 1109)
   defining Unicode char U+0456 (decimal 1110)
   defining Unicode char U+0457 (decimal 1111)
   defining Unicode char U+0458 (decimal 1112)
   defining Unicode char U+0459 (decimal 1113)
   defining Unicode char U+045A (decimal 1114)
   defining Unicode char U+045B (decimal 1115)
   defining Unicode char U+045C (decimal 1116)
   defining Unicode char U+045D (decimal 1117)
   defining Unicode char U+045E (decimal 1118)
   defining Unicode char U+045F (decimal 1119)
   defining Unicode char U+0490 (decimal 1168)
   defining Unicode char U+0491 (decimal 1169)
   defining Unicode char U+0492 (decimal 1170)
   defining Unicode char U+0493 (decimal 1171)
   defining Unicode char U+0496 (decimal 1174)
   defining Unicode char U+0497 (decimal 1175)
   defining Unicode char U+0498 (decimal 1176)
   defining Unicode char U+0499 (decimal 1177)
   defining Unicode char U+049A (decimal 1178)
   defining Unicode char U+049B (decimal 1179)
   defining Unicode char U+049C (decimal 1180)
   defining Unicode char U+049D (decimal 1181)
   defining Unicode char U+04A0 (decimal 1184)
   defining Unicode char U+04A1 (decimal 1185)
   defining Unicode char U+04A2 (decimal 1186)
   defining Unicode char U+04A3 (decimal 1187)
   defining Unicode char U+04A4 (decimal 1188)
   defining Unicode char U+04A5 (decimal 1189)
   defining Unicode char U+04AA (decimal 1194)
   defining Unicode char U+04AB (decimal 1195)
   defining Unicode char U+04AE (decimal 1198)
   defining Unicode char U+04AF (decimal 1199)
   defining Unicode char U+04B0 (decimal 1200)
   defining Unicode char U+04B1 (decimal 1201)
   defining Unicode char U+04B2 (decimal 1202)
   defining Unicode char U+04B3 (decimal 1203)
   defining Unicode char U+04B6 (decimal 1206)
   defining Unicode char U+04B7 (decimal 1207)
   defining Unicode char U+04B8 (decimal 1208)
   defining Unicode char U+04B9 (decimal 1209)
   defining Unicode char U+04BA (decimal 1210)
   defining Unicode char U+04BB (decimal 1211)
   defining Unicode char U+04C0 (decimal 1216)
   defining Unicode char U+04C1 (decimal 1217)
   defining Unicode char U+04C2 (decimal 1218)
   defining Unicode char U+04D0 (decimal 1232)
   defining Unicode char U+04D1 (decimal 1233)
   defining Unicode char U+04D2 (decimal 1234)
   defining Unicode char U+04D3 (decimal 1235)
   defining Unicode char U+04D4 (decimal 1236)
   defining Unicode char U+04D5 (decimal 1237)
   defining Unicode char U+04D6 (decimal 1238)
   defining Unicode char U+04D7 (decimal 1239)
   defining Unicode char U+04D8 (decimal 1240)
   defining Unicode char U+04D9 (decimal 1241)
   defining Unicode char U+04DA (decimal 1242)
   defining Unicode char U+04DB (decimal 1243)
   defining Unicode char U+04DC (decimal 1244)
   defining Unicode char U+04DD (decimal 1245)
   defining Unicode char U+04DE (decimal 1246)
   defining Unicode char U+04DF (decimal 1247)
   defining Unicode char U+04E2 (decimal 1250)
   defining Unicode char U+04E3 (decimal 1251)
   defining Unicode char U+04E4 (decimal 1252)
   defining Unicode char U+04E5 (decimal 1253)
   defining Unicode char U+04E6 (decimal 1254)
   defining Unicode char U+04E7 (decimal 1255)
   defining Unicode char U+04E8 (decimal 1256)
   defining Unicode char U+04E9 (decimal 1257)
   defining Unicode char U+04EC (decimal 1260)
   defining Unicode char U+04ED (decimal 1261)
   defining Unicode char U+04EE (decimal 1262)
   defining Unicode char U+04EF (decimal 1263)
   defining Unicode char U+04F0 (decimal 1264)
   defining Unicode char U+04F1 (decimal 1265)
   defining Unicode char U+04F2 (decimal 1266)
   defining Unicode char U+04F3 (decimal 1267)
   defining Unicode char U+04F4 (decimal 1268)
   defining Unicode char U+04F5 (decimal 1269)
   defining Unicode char U+04F8 (decimal 1272)
   defining Unicode char U+04F9 (decimal 1273)
   defining Unicode char U+200C (decimal 8204)
   defining Unicode char U+2013 (decimal 8211)
   defining Unicode char U+2014 (decimal 8212)
   defining Unicode char U+2018 (decimal 8216)
   defining Unicode char U+2019 (decimal 8217)
   defining Unicode char U+201C (decimal 8220)
   defining Unicode char U+201D (decimal 8221)
   defining Unicode char U+201E (decimal 8222)
   defining Unicode char U+2030 (decimal 8240)
   defining Unicode char U+2031 (decimal 8241)
   defining Unicode char U+2116 (decimal 8470)
   defining Unicode char U+2329 (decimal 9001)
   defining Unicode char U+3008 (decimal 12296)
   defining Unicode char U+232A (decimal 9002)
   defining Unicode char U+3009 (decimal 12297)
   defining Unicode char U+2423 (decimal 9251)
   defining Unicode char U+27E8 (decimal 10216)
   defining Unicode char U+27E9 (decimal 10217)
   defining Unicode char U+FB00 (decimal 64256)
   defining Unicode char U+FB01 (decimal 64257)
   defining Unicode char U+FB02 (decimal 64258)
   defining Unicode char U+FB03 (decimal 64259)
   defining Unicode char U+FB04 (decimal 64260)
   defining Unicode char U+FB05 (decimal 64261)
   defining Unicode char U+FB06 (decimal 64262)
))
Package babel Info: Making " an active character on input line 124.
Package babel Info: Default for \cyrdash is provided on input line 163.
))
(d:/ProgramFiles/texlive/2022/texmf-dist/tex/generic/babel/locale/ru/babel-russ
ian.tex
Package babel Info: Importing font and identification data for russian
(babel)             from babel-ru.ini. Reported on input line 11.
)
(d:/ProgramFiles/texlive/2022/texmf-dist/tex/generic/babel/locale/en/babel-engl
ish.tex
Package babel Info: Importing font and identification data for english
(babel)             from babel-en.ini. Reported on input line 11.
) (d:/ProgramFiles/texlive/2022/texmf-dist/tex/latex/amsmath/amsmath.sty
Package: amsmath 2022/04/08 v2.17n AMS math features
\@mathmargin=\skip49
For additional information on amsmath, use the `?' option.
(d:/ProgramFiles/texlive/2022/texmf-dist/tex/latex/amsmath/amstext.sty
Package: amstext 2021/08/26 v2.01 AMS text

(d:/ProgramFiles/texlive/2022/texmf-dist/tex/latex/amsmath/amsgen.sty
File: amsgen.sty 1999/11/30 v2.0 generic functions
\@emptytoks=\toks18
\ex@=\dimen140
))
(d:/ProgramFiles/texlive/2022/texmf-dist/tex/latex/amsmath/amsbsy.sty
Package: amsbsy 1999/11/29 v1.2d Bold Symbols
\pmbraise@=\dimen141
)
(d:/ProgramFiles/texlive/2022/texmf-dist/tex/latex/amsmath/amsopn.sty
Package: amsopn 2022/04/08 v2.04 operator names
)
\inf@bad=\count196
LaTeX Info: Redefining \frac on input line 234.
\uproot@=\count197
\leftroot@=\count198
LaTeX Info: Redefining \overline on input line 399.
LaTeX Info: Redefining \colon on input line 410.
\classnum@=\count199
\DOTSCASE@=\count266
LaTeX Info: Redefining \ldots on input line 496.
LaTeX Info: Redefining \dots on input line 499.
LaTeX Info: Redefining \cdots on input line 620.
\Mathstrutbox@=\box51
\strutbox@=\box52
LaTeX Info: Redefining \big on input line 722.
LaTeX Info: Redefining \Big on input line 723.
LaTeX Info: Redefining \bigg on input line 724.
LaTeX Info: Redefining \Bigg on input line 725.
\big@size=\dimen142
LaTeX Font Info:    Redeclaring font encoding OML on input line 743.
LaTeX Font Info:    Redeclaring font encoding OMS on input line 744.
\macc@depth=\count267
LaTeX Info: Redefining \bmod on input line 905.
LaTeX Info: Redefining \pmod on input line 910.
LaTeX Info: Redefining \smash on input line 940.
LaTeX Info: Redefining \relbar on input line 970.
LaTeX Info: Redefining \Relbar on input line 971.
\c@MaxMatrixCols=\count268
\dotsspace@=\muskip16
\c@parentequation=\count269
\dspbrk@lvl=\count270
\tag@help=\toks19
\row@=\count271
\column@=\count272
\maxfields@=\count273
\andhelp@=\toks20
\eqnshift@=\dimen143
\alignsep@=\dimen144
\tagshift@=\dimen145
\tagwidth@=\dimen146
\totwidth@=\dimen147
\lineht@=\dimen148
\@envbody=\toks21
\multlinegap=\skip50
\multlinetaggap=\skip51
\mathdisplay@stack=\toks22
LaTeX Info: Redefining \[ on input line 2953.
LaTeX Info: Redefining \] on input line 2954.
)
(d:/ProgramFiles/texlive/2022/texmf-dist/tex/latex/amsfonts/amsfonts.sty
Package: amsfonts 2013/01/14 v3.01 Basic AMSFonts support
\symAMSa=\mathgroup4
\symAMSb=\mathgroup5
LaTeX Font Info:    Redeclaring math symbol \hbar on input line 98.
LaTeX Font Info:    Overwriting math alphabet `\mathfrak' in version `bold'
(Font)                  U/euf/m/n --> U/euf/b/n on input line 106.
)
(d:/ProgramFiles/texlive/2022/texmf-dist/tex/latex/amsfonts/amssymb.sty
Package: amssymb 2013/01/14 v3.01 AMS font symbols
)
(d:/ProgramFiles/texlive/2022/texmf-dist/tex/latex/amscls/amsthm.sty
Package: amsthm 2020/05/29 v2.20.6
\thm@style=\toks23
\thm@bodyfont=\toks24
\thm@headfont=\toks25
\thm@notefont=\toks26
\thm@headpunct=\toks27
\thm@preskip=\skip52
\thm@postskip=\skip53
\thm@headsep=\skip54
\dth@everypar=\toks28
)
(d:/ProgramFiles/texlive/2022/texmf-dist/tex/latex/mathtools/mathtools.sty
Package: mathtools 2022/02/07 v1.28a mathematical typesetting tools

(d:/ProgramFiles/texlive/2022/texmf-dist/tex/latex/graphics/keyval.sty
Package: keyval 2022/05/29 v1.15 key=value parser (DPC)
\KV@toks@=\toks29
)
(d:/ProgramFiles/texlive/2022/texmf-dist/tex/latex/tools/calc.sty
Package: calc 2017/05/25 v4.3 Infix arithmetic (KKT,FJ)
\calc@Acount=\count274
\calc@Bcount=\count275
\calc@Adimen=\dimen149
\calc@Bdimen=\dimen150
\calc@Askip=\skip55
\calc@Bskip=\skip56
LaTeX Info: Redefining \setlength on input line 80.
LaTeX Info: Redefining \addtolength on input line 81.
\calc@Ccount=\count276
\calc@Cskip=\skip57
)
(d:/ProgramFiles/texlive/2022/texmf-dist/tex/latex/mathtools/mhsetup.sty
Package: mhsetup 2021/03/18 v1.4 programming setup (MH)
)
\g_MT_multlinerow_int=\count277
\l_MT_multwidth_dim=\dimen151
\origjot=\skip58
\l_MT_shortvdotswithinadjustabove_dim=\dimen152
\l_MT_shortvdotswithinadjustbelow_dim=\dimen153
\l_MT_above_intertext_sep=\dimen154
\l_MT_below_intertext_sep=\dimen155
\l_MT_above_shortintertext_sep=\dimen156
\l_MT_below_shortintertext_sep=\dimen157
\xmathstrut@box=\box53
\xmathstrut@dim=\dimen158
)
(d:/ProgramFiles/texlive/2022/texmf-dist/tex/latex/was/icomma.sty
Package: icomma 2002/03/10 v2.0 (WaS)
)
(d:/ProgramFiles/texlive/2022/texmf-dist/tex/latex/geometry/geometry.sty
Package: geometry 2020/01/02 v5.9 Page Geometry

(d:/ProgramFiles/texlive/2022/texmf-dist/tex/generic/iftex/ifvtex.sty
Package: ifvtex 2019/10/25 v1.7 ifvtex legacy package. Use iftex instead.

(d:/ProgramFiles/texlive/2022/texmf-dist/tex/generic/iftex/iftex.sty
Package: iftex 2022/02/03 v1.0f TeX engine tests
))
\Gm@cnth=\count278
\Gm@cntv=\count279
\c@Gm@tempcnt=\count280
\Gm@bindingoffset=\dimen159
\Gm@wd@mp=\dimen160
\Gm@odd@mp=\dimen161
\Gm@even@mp=\dimen162
\Gm@layoutwidth=\dimen163
\Gm@layoutheight=\dimen164
\Gm@layouthoffset=\dimen165
\Gm@layoutvoffset=\dimen166
\Gm@dimlist=\toks30
)
(d:/ProgramFiles/texlive/2022/texmf-dist/tex/latex/amsfonts/euscript.sty
Package: euscript 2009/06/22 v3.00 Euler Script fonts
LaTeX Font Info:    Overwriting math alphabet `\EuScript' in version `bold'
(Font)                  U/eus/m/n --> U/eus/b/n on input line 33.
)
(d:/ProgramFiles/texlive/2022/texmf-dist/tex/latex/jknapltx/mathrsfs.sty
Package: mathrsfs 1996/01/01 Math RSFS package v1.0 (jk)
\symrsfs=\mathgroup6
)
(d:/ProgramFiles/texlive/2022/texmf-dist/tex/latex/graphics/graphicx.sty
Package: graphicx 2021/09/16 v1.2d Enhanced LaTeX Graphics (DPC,SPQR)

(d:/ProgramFiles/texlive/2022/texmf-dist/tex/latex/graphics/graphics.sty
Package: graphics 2022/03/10 v1.4e Standard LaTeX Graphics (DPC,SPQR)

(d:/ProgramFiles/texlive/2022/texmf-dist/tex/latex/graphics/trig.sty
Package: trig 2021/08/11 v1.11 sin cos tan (DPC)
)
(d:/ProgramFiles/texlive/2022/texmf-dist/tex/latex/graphics-cfg/graphics.cfg
File: graphics.cfg 2016/06/04 v1.11 sample graphics configuration
)
Package graphics Info: Driver file: pdftex.def on input line 107.

(d:/ProgramFiles/texlive/2022/texmf-dist/tex/latex/graphics-def/pdftex.def
File: pdftex.def 2020/10/05 v1.2a Graphics/color driver for pdftex
))
\Gin@req@height=\dimen167
\Gin@req@width=\dimen168
)
(d:/ProgramFiles/texlive/2022/texmf-dist/tex/latex/cite/cite.sty
LaTeX Info: Redefining \cite on input line 302.
LaTeX Info: Redefining \nocite on input line 332.
Package: cite 2015/02/27  v 5.5
)
(d:/ProgramFiles/texlive/2022/texmf-dist/tex/latex/csquotes/csquotes.sty
Package: csquotes 2021-02-22 v5.2l context-sensitive quotations (JAW)

(d:/ProgramFiles/texlive/2022/texmf-dist/tex/latex/etoolbox/etoolbox.sty
Package: etoolbox 2020/10/05 v2.5k e-TeX tools for LaTeX (JAW)
\etb@tempcnta=\count281
)
\csq@reset=\count282
\csq@gtype=\count283
\csq@glevel=\count284
\csq@qlevel=\count285
\csq@maxlvl=\count286
\csq@tshold=\count287
\csq@ltx@everypar=\toks31

(d:/ProgramFiles/texlive/2022/texmf-dist/tex/latex/csquotes/csquotes.def
File: csquotes.def 2021-02-22 v5.2l csquotes generic definitions (JAW)
)
Package csquotes Info: Trying to load configuration file 'csquotes.cfg'...
Package csquotes Info: ... configuration file loaded successfully.

(d:/ProgramFiles/texlive/2022/texmf-dist/tex/latex/csquotes/csquotes.cfg
File: csquotes.cfg 
))
(d:/ProgramFiles/texlive/2022/texmf-dist/tex/latex/multirow/multirow.sty
Package: multirow 2021/03/15 v2.8 Span multiple rows of a table
\multirow@colwidth=\skip59
\multirow@cntb=\count288
\multirow@dima=\skip60
\bigstrutjot=\dimen169
)
(d:/ProgramFiles/texlive/2022/texmf-dist/tex/latex/tools/multicol.sty
Package: multicol 2021/11/30 v1.9d multicolumn formatting (FMi)
\c@tracingmulticols=\count289
\mult@box=\box54
\multicol@leftmargin=\dimen170
\c@unbalance=\count290
\c@collectmore=\count291
\doublecol@number=\count292
\multicoltolerance=\count293
\multicolpretolerance=\count294
\full@width=\dimen171
\page@free=\dimen172
\premulticols=\dimen173
\postmulticols=\dimen174
\multicolsep=\skip61
\multicolbaselineskip=\skip62
\partial@page=\box55
\last@line=\box56
\maxbalancingoverflow=\dimen175
\mult@rightbox=\box57
\mult@grightbox=\box58
\mult@firstbox=\box59
\mult@gfirstbox=\box60
\@tempa=\box61
\@tempa=\box62
\@tempa=\box63
\@tempa=\box64
\@tempa=\box65
\@tempa=\box66
\@tempa=\box67
\@tempa=\box68
\@tempa=\box69
\@tempa=\box70
\@tempa=\box71
\@tempa=\box72
\@tempa=\box73
\@tempa=\box74
\@tempa=\box75
\@tempa=\box76
\@tempa=\box77
\@tempa=\box78
\@tempa=\box79
\@tempa=\box80
\@tempa=\box81
\@tempa=\box82
\@tempa=\box83
\@tempa=\box84
\@tempa=\box85
\@tempa=\box86
\@tempa=\box87
\@tempa=\box88
\@tempa=\box89
\@tempa=\box90
\@tempa=\box91
\@tempa=\box92
\@tempa=\box93
\@tempa=\box94
\@tempa=\box95
\@tempa=\box96
\c@minrows=\count295
\c@columnbadness=\count296
\c@finalcolumnbadness=\count297
\last@try=\dimen176
\multicolovershoot=\dimen177
\multicolundershoot=\dimen178
\mult@nat@firstbox=\box97
\colbreak@box=\box98
\mc@col@check@num=\count298
)
(d:/ProgramFiles/texlive/2022/texmf-dist/tex/latex/tools/hhline.sty
Package: hhline 2020/01/04 v2.04 Table rule package (DPC)
)
(d:/ProgramFiles/texlive/2022/texmf-dist/tex/latex/hyperref/hyperref.sty
Package: hyperref 2022-05-17 v7.00q Hypertext links for LaTeX

(d:/ProgramFiles/texlive/2022/texmf-dist/tex/generic/ltxcmds/ltxcmds.sty
Package: ltxcmds 2020-05-10 v1.25 LaTeX kernel commands for general use (HO)
)
(d:/ProgramFiles/texlive/2022/texmf-dist/tex/generic/pdftexcmds/pdftexcmds.sty
Package: pdftexcmds 2020-06-27 v0.33 Utility functions of pdfTeX for LuaTeX (HO
)

(d:/ProgramFiles/texlive/2022/texmf-dist/tex/generic/infwarerr/infwarerr.sty
Package: infwarerr 2019/12/03 v1.5 Providing info/warning/error messages (HO)
)
Package pdftexcmds Info: \pdf@primitive is available.
Package pdftexcmds Info: \pdf@ifprimitive is available.
Package pdftexcmds Info: \pdfdraftmode found.
)
(d:/ProgramFiles/texlive/2022/texmf-dist/tex/generic/kvsetkeys/kvsetkeys.sty
Package: kvsetkeys 2019/12/15 v1.18 Key value parser (HO)
)
(d:/ProgramFiles/texlive/2022/texmf-dist/tex/generic/kvdefinekeys/kvdefinekeys.
sty
Package: kvdefinekeys 2019-12-19 v1.6 Define keys (HO)
)
(d:/ProgramFiles/texlive/2022/texmf-dist/tex/generic/pdfescape/pdfescape.sty
Package: pdfescape 2019/12/09 v1.15 Implements pdfTeX's escape features (HO)
)
(d:/ProgramFiles/texlive/2022/texmf-dist/tex/latex/hycolor/hycolor.sty
Package: hycolor 2020-01-27 v1.10 Color options for hyperref/bookmark (HO)
)
(d:/ProgramFiles/texlive/2022/texmf-dist/tex/latex/letltxmacro/letltxmacro.sty
Package: letltxmacro 2019/12/03 v1.6 Let assignment for LaTeX macros (HO)
) (d:/ProgramFiles/texlive/2022/texmf-dist/tex/latex/auxhook/auxhook.sty
Package: auxhook 2019-12-17 v1.6 Hooks for auxiliary files (HO)
)
(d:/ProgramFiles/texlive/2022/texmf-dist/tex/latex/hyperref/nameref.sty
Package: nameref 2022-05-17 v2.50 Cross-referencing by name of section

(d:/ProgramFiles/texlive/2022/texmf-dist/tex/latex/refcount/refcount.sty
Package: refcount 2019/12/15 v3.6 Data extraction from label references (HO)
)
(d:/ProgramFiles/texlive/2022/texmf-dist/tex/generic/gettitlestring/gettitlestr
ing.sty
Package: gettitlestring 2019/12/15 v1.6 Cleanup title references (HO)

(d:/ProgramFiles/texlive/2022/texmf-dist/tex/latex/kvoptions/kvoptions.sty
Package: kvoptions 2020-10-07 v3.14 Key value format for package options (HO)
))
\c@section@level=\count299
)
\@linkdim=\dimen179
\Hy@linkcounter=\count300
\Hy@pagecounter=\count301

(d:/ProgramFiles/texlive/2022/texmf-dist/tex/latex/hyperref/pd1enc.def
File: pd1enc.def 2022-05-17 v7.00q Hyperref: PDFDocEncoding definition (HO)
Now handling font encoding PD1 ...
... no UTF-8 mapping file for font encoding PD1
)
(d:/ProgramFiles/texlive/2022/texmf-dist/tex/generic/intcalc/intcalc.sty
Package: intcalc 2019/12/15 v1.3 Expandable calculations with integers (HO)
)
(d:/ProgramFiles/texlive/2022/texmf-dist/tex/generic/etexcmds/etexcmds.sty
Package: etexcmds 2019/12/15 v1.7 Avoid name clashes with e-TeX commands (HO)
)
\Hy@SavedSpaceFactor=\count302

(d:/ProgramFiles/texlive/2022/texmf-dist/tex/latex/hyperref/puenc.def
File: puenc.def 2022-05-17 v7.00q Hyperref: PDF Unicode definition (HO)
Now handling font encoding PU ...
... no UTF-8 mapping file for font encoding PU
)
Package hyperref Info: Option `unicode' set `true' on input line 3130.
Package hyperref Info: Hyper figures OFF on input line 4139.
Package hyperref Info: Link nesting OFF on input line 4144.
Package hyperref Info: Hyper index ON on input line 4147.
Package hyperref Info: Plain pages OFF on input line 4154.
Package hyperref Info: Backreferencing OFF on input line 4159.
Package hyperref Info: Implicit mode ON; LaTeX internals redefined.
Package hyperref Info: Bookmarks ON on input line 4385.
\c@Hy@tempcnt=\count303

(d:/ProgramFiles/texlive/2022/texmf-dist/tex/latex/url/url.sty
\Urlmuskip=\muskip17
Package: url 2013/09/16  ver 3.4  Verb mode for urls, etc.
)
LaTeX Info: Redefining \url on input line 4723.
\XeTeXLinkMargin=\dimen180

(d:/ProgramFiles/texlive/2022/texmf-dist/tex/generic/bitset/bitset.sty
Package: bitset 2019/12/09 v1.3 Handle bit-vector datatype (HO)

(d:/ProgramFiles/texlive/2022/texmf-dist/tex/generic/bigintcalc/bigintcalc.sty
Package: bigintcalc 2019/12/15 v1.5 Expandable calculations on big integers (HO
)
))
\Fld@menulength=\count304
\Field@Width=\dimen181
\Fld@charsize=\dimen182
Package hyperref Info: Hyper figures OFF on input line 6001.
Package hyperref Info: Link nesting OFF on input line 6006.
Package hyperref Info: Hyper index ON on input line 6009.
Package hyperref Info: backreferencing OFF on input line 6016.
Package hyperref Info: Link coloring OFF on input line 6021.
Package hyperref Info: Link coloring with OCG OFF on input line 6026.
Package hyperref Info: PDF/A mode OFF on input line 6031.
 (d:/ProgramFiles/texlive/2022/texmf-dist/tex/latex/base/atbegshi-ltx.sty
Package: atbegshi-ltx 2021/01/10 v1.0c Emulation of the original atbegshi
package with kernel methods
)
\Hy@abspage=\count305
\c@Item=\count306
\c@Hfootnote=\count307
)
Package hyperref Info: Driver (autodetected): hpdftex.

(d:/ProgramFiles/texlive/2022/texmf-dist/tex/latex/hyperref/hpdftex.def
File: hpdftex.def 2022-05-17 v7.00q Hyperref driver for pdfTeX

(d:/ProgramFiles/texlive/2022/texmf-dist/tex/latex/base/atveryend-ltx.sty
Package: atveryend-ltx 2020/08/19 v1.0a Emulation of the original atveryend pac
kage
with kernel methods
)
\Fld@listcount=\count308
\c@bookmark@seq@number=\count309

(d:/ProgramFiles/texlive/2022/texmf-dist/tex/latex/rerunfilecheck/rerunfilechec
k.sty
Package: rerunfilecheck 2019/12/05 v1.9 Rerun checks for auxiliary files (HO)

(d:/ProgramFiles/texlive/2022/texmf-dist/tex/generic/uniquecounter/uniquecounte
r.sty
Package: uniquecounter 2019/12/15 v1.4 Provide unlimited unique counter (HO)
)
Package uniquecounter Info: New unique counter `rerunfilecheck' on input line 2
86.
)
\Hy@SectionHShift=\skip63
) (d:/ProgramFiles/texlive/2022/texmf-dist/tex/latex/wrapfig/wrapfig.sty
\wrapoverhang=\dimen183
\WF@size=\dimen184
\c@WF@wrappedlines=\count310
\WF@box=\box99
\WF@everypar=\toks32
Package: wrapfig 2003/01/31  v 3.6
)) (./Commands.sty
Package: Commands 
)
Package csquotes Info: Checking for multilingual support...
Package csquotes Info: ... found 'babel' package.
Package csquotes Info: Adjusting default style.
Package csquotes Info: Redefining alias 'default' -> 'russian'.

(d:/ProgramFiles/texlive/2022/texmf-dist/tex/latex/l3backend/l3backend-pdftex.d
ef
File: l3backend-pdftex.def 2022-04-20 L3 backend support: PDF output (pdfTeX)
\l__color_backend_stack_int=\count311
\l__pdf_internal_box=\box100
)

LaTeX Warning: Unused global option(s):
    [14pt].

(./РћС‚С‡С‘С‚.aux
LaTeX Font Info:    Trying to load font information for T2A+cmr on input line 1
9.

(d:/ProgramFiles/texlive/2022/texmf-dist/tex/latex/cyrillic/t2acmr.fd
File: t2acmr.fd 2001/08/11 v1.0a Computer Modern Cyrillic font definitions
)<<t2a.cmap>> (./Sections/Introduction.aux) (./Sections/MeanMagn.aux)
(./Sections/MeanEnergy.aux) (./Sections/HeatCapacity.aux)
(./Sections/FreeEnergy.aux) (./Sections/OBCvsPBC.aux)
(./Sections/1DComparison.aux) (./Sections/DatCollMeanMagn2.aux)
(./Sections/RectanCumulant.aux

LaTeX Warning: Label `tab:A_L_r' multiply defined.

) (./Sections/3DTest.aux) (./Sections/Bulk.aux) (./Sections/Literature.aux)
(./Sections/Technical.aux))
\openout1 = `РћС‚С‡С‘С‚.aux'.

LaTeX Font Info:    Checking defaults for OML/cmm/m/it on input line 6.
LaTeX Font Info:    ... okay on input line 6.
LaTeX Font Info:    Checking defaults for OMS/cmsy/m/n on input line 6.
LaTeX Font Info:    ... okay on input line 6.
LaTeX Font Info:    Checking defaults for OT1/cmr/m/n on input line 6.
LaTeX Font Info:    ... okay on input line 6.
LaTeX Font Info:    Checking defaults for T1/cmr/m/n on input line 6.
LaTeX Font Info:    ... okay on input line 6.
LaTeX Font Info:    Checking defaults for TS1/cmr/m/n on input line 6.
LaTeX Font Info:    ... okay on input line 6.
LaTeX Font Info:    Checking defaults for OMX/cmex/m/n on input line 6.
LaTeX Font Info:    ... okay on input line 6.
LaTeX Font Info:    Checking defaults for U/cmr/m/n on input line 6.
LaTeX Font Info:    ... okay on input line 6.
LaTeX Font Info:    Checking defaults for T2A/cmr/m/n on input line 6.
LaTeX Font Info:    ... okay on input line 6.
LaTeX Font Info:    Checking defaults for PD1/pdf/m/n on input line 6.
LaTeX Font Info:    ... okay on input line 6.
LaTeX Font Info:    Checking defaults for PU/pdf/m/n on input line 6.
LaTeX Font Info:    ... okay on input line 6.
LaTeX Info: Redefining \th on input line 6.

*geometry* driver: auto-detecting
*geometry* detected driver: pdftex
*geometry* verbose mode - [ preamble ] result:
* driver: pdftex
* paper: <default>
* layout: <same size as paper>
* layoutoffset:(h,v)=(0.0pt,0.0pt)
* modes: 
* h-part:(L,W,R)=(56.9055pt, 500.484pt, 56.9055pt)
* v-part:(T,H,B)=(56.9055pt, 652.70622pt, 85.35826pt)
* \paperwidth=614.295pt
* \paperheight=794.96999pt
* \textwidth=500.484pt
* \textheight=652.70622pt
* \oddsidemargin=-15.36449pt
* \evensidemargin=-15.36449pt
* \topmargin=-52.36449pt
* \headheight=12.0pt
* \headsep=25.0pt
* \topskip=10.0pt
* \footskip=30.0pt
* \marginparwidth=65.0pt
* \marginparsep=11.0pt
* \columnsep=10.0pt
* \skip\footins=9.0pt plus 4.0pt minus 2.0pt
* \hoffset=0.0pt
* \voffset=0.0pt
* \mag=1000
* \@twocolumnfalse
* \@twosidefalse
* \@mparswitchfalse
* \@reversemarginfalse
* (1in=72.27pt=25.4mm, 1cm=28.453pt)

(d:/ProgramFiles/texlive/2022/texmf-dist/tex/context/base/mkii/supp-pdf.mkii
[Loading MPS to PDF converter (version 2006.09.02).]
\scratchcounter=\count312
\scratchdimen=\dimen185
\scratchbox=\box101
\nofMPsegments=\count313
\nofMParguments=\count314
\everyMPshowfont=\toks33
\MPscratchCnt=\count315
\MPscratchDim=\dimen186
\MPnumerator=\count316
\makeMPintoPDFobject=\count317
\everyMPtoPDFconversion=\toks34
)
(d:/ProgramFiles/texlive/2022/texmf-dist/tex/latex/epstopdf-pkg/epstopdf-base.s
ty
Package: epstopdf-base 2020-01-24 v2.11 Base part for package epstopdf
Package epstopdf-base Info: Redefining graphics rule for `.eps' on input line 4
85.

(d:/ProgramFiles/texlive/2022/texmf-dist/tex/latex/latexconfig/epstopdf-sys.cfg
File: epstopdf-sys.cfg 2010/07/13 v1.3 Configuration of (r)epstopdf for TeX Liv
e
))
Package hyperref Info: Link coloring OFF on input line 6.
 (./РћС‚С‡С‘С‚.out) (./РћС‚С‡С‘С‚.out)
\@outlinefile=\write3
\openout3 = `РћС‚С‡С‘С‚.out'.

<<ot1.cmap>><<oml.cmap>><<oms.cmap>><<omx.cmap>>
LaTeX Font Info:    Trying to load font information for U+msa on input line 9.
 (d:/ProgramFiles/texlive/2022/texmf-dist/tex/latex/amsfonts/umsa.fd
File: umsa.fd 2013/01/14 v3.01 AMS symbols A
)
LaTeX Font Info:    Trying to load font information for U+msb on input line 9.

(d:/ProgramFiles/texlive/2022/texmf-dist/tex/latex/amsfonts/umsb.fd
File: umsb.fd 2013/01/14 v3.01 AMS symbols B
)
LaTeX Font Info:    Trying to load font information for U+rsfs on input line 9.


(d:/ProgramFiles/texlive/2022/texmf-dist/tex/latex/jknapltx/ursfs.fd
File: ursfs.fd 1998/03/24 rsfs font definition file (jk)
) [1

{d:/ProgramFiles/texlive/2022/texmf-var/fonts/map/pdftex/updmap/pdftex.map}]
(./РћС‚С‡С‘С‚.toc
pdfTeX warning (ext4): destination with the same identifier (name{page.1}) has 
been already used, duplicate ignored
<to be read again> 
                   \relax 
l.43 ... РјРѕРЅРѕРјРµСЂРѕРІ}{33}{subsection.2.1.3}
                                                  % [1

])
\tf@toc=\write4
\openout4 = `РћС‚С‡С‘С‚.toc'.

 [2]
{\cyrillictext \CYRG \cyrl \cyra \cyrv \cyra } 1.
[3

]
\openout2 = `Sections/Introduction.aux'.

 (./Sections/Introduction.tex

Package hyperref Warning: Token not allowed in a PDF string (Unicode):
(hyperref)                removing `math shift' on input line 27.


Package hyperref Warning: Token not allowed in a PDF string (Unicode):
(hyperref)                removing `\not' on input line 27.


Package hyperref Warning: Token not allowed in a PDF string (Unicode):
(hyperref)                removing `math shift' on input line 27.

[4

]

Package hyperref Warning: Token not allowed in a PDF string (Unicode):
(hyperref)                removing `math shift' on input line 109.


Package hyperref Warning: Token not allowed in a PDF string (Unicode):
(hyperref)                removing `\not' on input line 109.


Package hyperref Warning: Token not allowed in a PDF string (Unicode):
(hyperref)                removing `math shift' on input line 109.

[5]) [6]
\openout2 = `Sections/MeanMagn.aux'.

 (./Sections/MeanMagn.tex

LaTeX Warning: Citation `swendsen2020introduction' on page 7 undefined on input
 line 15.

[7



]) [8]
\openout2 = `Sections/MeanEnergy.aux'.

 (./Sections/MeanEnergy.tex

LaTeX Warning: Citation `swendsen2020introduction' on page 9 undefined on input
 line 3.


LaTeX Warning: Citation `swendsen2020introduction' on page 9 undefined on input
 line 38.


LaTeX Warning: Citation `swendsen2020introduction' on page 9 undefined on input
 line 49.

[9



]

LaTeX Warning: Command \CYRA invalid in math mode on input line 61.

Missing character: There is no А in font cmr10!
) [10]
\openout2 = `Sections/HeatCapacity.aux'.

 (./Sections/HeatCapacity.tex
! Double superscript.
l.47 ... (\lp)\vprpb) + (N-1)\lp^{N-2} (\lp)\prpb^
                                                  {2} + \lm^{N-1} (\lm)\vprp...

? 
! Double superscript.
l.47 ... (\lm)\vprpb) + (N-1)\lm^{N-2} (\lm)\prpb^
                                                  {2}) = \]
? 
[11



]) [12]
\openout2 = `Sections/FreeEnergy.aux'.

 (./Sections/FreeEnergy.tex

LaTeX Warning: Citation `swendsen2020introduction' on page 13 undefined on inpu
t line 15.

) [13



]
\openout2 = `Sections/OBCvsPBC.aux'.

 (./Sections/OBCvsPBC.tex [14



]

LaTeX Warning: Citation `web:ProjectMagnetRepos' on page 15 undefined on input 
line 112.

[15]) [16]
\openout2 = `Sections/1DComparison.aux'.

 (./Sections/1DComparison.tex
Overfull \hbox (20.06725pt too wide) in paragraph at lines 1--1
[]\T2A/cmr/bx/n/14.4 Сравнение ре-ше-ния од-но-мер-ной мо-де-ли Изин-га с рас-ч
ј-та-ми Монте-
 []


LaTeX Warning: Citation `web:ProjectMagnetRepos' on page 17 undefined on input 
line 11.

) [17



]
\openout2 = `Sections/DatCollMeanMagn2.aux'.

 (./Sections/DatCollMeanMagn2.tex

LaTeX Warning: Citation `Newmanb1999' on page 18 undefined on input line 44.

[18



]

LaTeX Warning: Citation `web:sawRepos' on page 19 undefined on input line 78.

<Sections/Images/DatColMagn2_3.png, id=478, 774.895pt x 440.64626pt>
File: Sections/Images/DatColMagn2_3.png Graphic file (type png)
<use Sections/Images/DatColMagn2_3.png>
Package pdftex.def Info: Sections/Images/DatColMagn2_3.png  used on input line 
88.
(pdftex.def)             Requested size: 284.52756pt x 161.7994pt.
[19 <./Sections/Images/DatColMagn2_3.png (PNG copy)>]
<Sections/Images/DataCollLowExp.png, id=485, 767.86874pt x 448.67625pt>
File: Sections/Images/DataCollLowExp.png Graphic file (type png)
<use Sections/Images/DataCollLowExp.png>
Package pdftex.def Info: Sections/Images/DataCollLowExp.png  used on input line
 103.
(pdftex.def)             Requested size: 225.21626pt x 131.59157pt.
<Sections/Images/DataCollHighExp.png, id=486, 767.86874pt x 451.6875pt>
File: Sections/Images/DataCollHighExp.png Graphic file (type png)
<use Sections/Images/DataCollHighExp.png>
Package pdftex.def Info: Sections/Images/DataCollHighExp.png  used on input lin
e 107.
(pdftex.def)             Requested size: 225.21626pt x 132.47473pt.

Overfull \hbox (2.22166pt too wide) in paragraph at lines 102--109
[]$[]$  $[]$ 
 []


LaTeX Warning: Citation `Newmanb1999' on page 20 undefined on input line 113.

) [20 <./Sections/Images/DataCollLowExp.png (PNG copy)> <./Sections/Images/Data
CollHighExp.png (PNG copy)>]
\openout2 = `Sections/RectanCumulant.aux'.

 (./Sections/RectanCumulant.tex

LaTeX Warning: Citation `web:SchroedingercatRepos' on page 21 undefined on inpu
t line 15.


LaTeX Warning: Citation `web:SAWsRepos' on page 21 undefined on input line 15.


LaTeX Warning: Citation `selke2006critical' on page 21 undefined on input line 
15.

<Sections/Images/CumulantPBC.png, id=492, 803.0pt x 373.395pt>
File: Sections/Images/CumulantPBC.png Graphic file (type png)
<use Sections/Images/CumulantPBC.png>
Package pdftex.def Info: Sections/Images/CumulantPBC.png  used on input line 26
.
(pdftex.def)             Requested size: 312.9803pt x 145.538pt.
<Sections/Images/CumulantOBC.png, id=493, 803.0pt x 378.41376pt>
File: Sections/Images/CumulantOBC.png Graphic file (type png)
<use Sections/Images/CumulantOBC.png>
Package pdftex.def Info: Sections/Images/CumulantOBC.png  used on input line 28
.
(pdftex.def)             Requested size: 312.9803pt x 147.49416pt.

LaTeX Warning: Citation `selke2006critical' on page 21 undefined on input line 
29.


LaTeX Warning: Citation `selke2006critical' on page 21 undefined on input line 
29.


LaTeX Warning: Citation `web:ProjectMagnetRepos' on page 21 undefined on input 
line 33.


LaTeX Warning: Citation `selke2006critical' on page 21 undefined on input line 
34.


LaTeX Warning: No positions in optional float specifier.
               Default added (so using `tbp') on input line 36.


LaTeX Warning: Citation `selke2006critical' on page 21 undefined on input line 
45.


LaTeX Warning: Citation `selke2006critical' on page 21 undefined on input line 
45.

[21



 <./Sections/Images/CumulantPBC.png (PNG copy)> <./Sections/Images/CumulantOBC.
png (PNG copy)>]
<Sections/Images/CumulantOBCL.png, id=509, 789.95125pt x 449.68pt>
File: Sections/Images/CumulantOBCL.png Graphic file (type png)
<use Sections/Images/CumulantOBCL.png>
Package pdftex.def Info: Sections/Images/CumulantOBCL.png  used on input line 5
3.
(pdftex.def)             Requested size: 284.52756pt x 161.96701pt.
<Sections/Images/CumulantPBCL.png, id=510, 789.95125pt x 449.68pt>
File: Sections/Images/CumulantPBCL.png Graphic file (type png)
<use Sections/Images/CumulantPBCL.png>
Package pdftex.def Info: Sections/Images/CumulantPBCL.png  used on input line 6
0.
(pdftex.def)             Requested size: 284.52756pt x 161.96701pt.

Overfull \hbox (1.1724pt too wide) in paragraph at lines 69--70
\T2A/cmr/m/n/10 Здесь мы рас-смот-рим ос-нов-ные по-ня-тия в мо-де-ли вза-и-мо-
дей-ству-ю-щих блуж-да-ний (Self-Avoiding Walks, SAWs),
 []

[22 <./Sections/Images/CumulantOBCL.png (PNG copy)> <./Sections/Images/Cumulant
PBCL.png (PNG copy)>]

LaTeX Warning: Citation `caracciolo2011geometrical' on page 23 undefined on inp
ut line 71.


LaTeX Warning: Citation `arkin2013gyration' on page 23 undefined on input line 
77.

[23]

LaTeX Warning: Citation `caracciolo2011geometrical' on page 24 undefined on inp
ut line 122.


LaTeX Warning: Citation `caracciolo2011geometrical' on page 24 undefined on inp
ut line 126.


LaTeX Warning: Citation `arkin2013gyration' on page 24 undefined on input line 
126.

[24]

LaTeX Warning: Citation `caracciolo2011geometrical' on page 25 undefined on inp
ut line 208.

[25]

LaTeX Warning: Citation `caracciolo2011geometrical' on page 26 undefined on inp
ut line 218.

<Sections/Images/RectanGrid.png, id=553, 385.44pt x 185.69376pt>
File: Sections/Images/RectanGrid.png Graphic file (type png)
<use Sections/Images/RectanGrid.png>
Package pdftex.def Info: Sections/Images/RectanGrid.png  used on input line 231
.
(pdftex.def)             Requested size: 225.21626pt x 108.50148pt.
<Sections/Images/A_r.png, id=558, 939.51pt x 722.7pt>
File: Sections/Images/A_r.png Graphic file (type png)
<use Sections/Images/A_r.png>
Package pdftex.def Info: Sections/Images/A_r.png  used on input line 236.
(pdftex.def)             Requested size: 250.24199pt x 192.485pt.

Underfull \hbox (badness 3758) in paragraph at lines 262--262
[]\T2A/cmr/m/n/10 Таблица 1.3: []Таблица за-ви-си-мо-сти зна-че-ния
 []


Underfull \hbox (badness 3758) in paragraph at lines 281--281
[]\T2A/cmr/m/n/10 Таблица 1.4: []Таблица за-ви-си-мо-сти зна-че-ния
 []


LaTeX Warning: `!h' float specifier changed to `!ht'.

[26 <./Sections/Images/RectanGrid.png (PNG copy)> <./Sections/Images/A_r.png>]
<Sections/Images/RectanGrid2.png, id=578, 702.625pt x 449.68pt>
File: Sections/Images/RectanGrid2.png Graphic file (type png)
<use Sections/Images/RectanGrid2.png>
Package pdftex.def Info: Sections/Images/RectanGrid2.png  used on input line 30
0.
(pdftex.def)             Requested size: 284.52756pt x 182.09882pt.

[27 <./Sections/Images/RectanGrid2.png (PNG copy)>] [28]
<Sections/Images/Ising_ISAW_A_J_Full.png, id=599, 939.51pt x 722.7pt>
File: Sections/Images/Ising_ISAW_A_J_Full.png Graphic file (type png)
<use Sections/Images/Ising_ISAW_A_J_Full.png>
Package pdftex.def Info: Sections/Images/Ising_ISAW_A_J_Full.png  used on input
 line 354.
(pdftex.def)             Requested size: 426.79134pt x 328.29968pt.


LaTeX Warning: Citation `foster2021critical' on page 29 undefined on input line
 359.


LaTeX Warning: Citation `caracciolo2011geometrical' on page 29 undefined on inp
ut line 359.


LaTeX Warning: Citation `caracciolo2011geometrical' on page 29 undefined on inp
ut line 359.

<Sections/Images/ISAW_A_J_Close.png, id=600, 939.51pt x 722.7pt>
File: Sections/Images/ISAW_A_J_Close.png Graphic file (type png)
<use Sections/Images/ISAW_A_J_Close.png>
Package pdftex.def Info: Sections/Images/ISAW_A_J_Close.png  used on input line
 363.
(pdftex.def)             Requested size: 225.21626pt x 173.24202pt.
<Sections/Images/Ising_A_J_Close.png, id=603, 939.51pt x 722.7pt>
File: Sections/Images/Ising_A_J_Close.png Graphic file (type png)
<use Sections/Images/Ising_A_J_Close.png>
Package pdftex.def Info: Sections/Images/Ising_A_J_Close.png  used on input lin
e 369.
(pdftex.def)             Requested size: 225.21626pt x 173.24202pt.

LaTeX Warning: `!h' float specifier changed to `!ht'.

[29 <./Sections/Images/Ising_ISAW_A_J_Full.png>]

LaTeX Warning: Citation `faizullina2021critical' on page 30 undefined on input 
line 398.

) [30 <./Sections/Images/ISAW_A_J_Close.png> <./Sections/Images/Ising_A_J_Close
.png>]
\openout2 = `Sections/3DTest.aux'.

 (./Sections/3DTest.tex
<Sections/Images/m2_3D_50to60.png, id=624, 759.83875pt x 450.68375pt>
File: Sections/Images/m2_3D_50to60.png Graphic file (type png)
<use Sections/Images/m2_3D_50to60.png>
Package pdftex.def Info: Sections/Images/m2_3D_50to60.png  used on input line 9
.
(pdftex.def)             Requested size: 284.52756pt x 168.76529pt.
<Sections/Images/U4_3D_50to60.png, id=625, 759.83875pt x 444.66125pt>
File: Sections/Images/U4_3D_50to60.png Graphic file (type png)
<use Sections/Images/U4_3D_50to60.png>
Package pdftex.def Info: Sections/Images/U4_3D_50to60.png  used on input line 1
6.
(pdftex.def)             Requested size: 284.52756pt x 166.51007pt.
 [31



 <./Sections/Images/m2_3D_50to60.png (PNG copy)> <./Sections/Images/U4_3D_50to6
0.png (PNG copy)>])
{\cyrillictext \CYRG \cyrl \cyra \cyrv \cyra } 2.
[32



]
\openout2 = `Sections/Bulk.aux'.

 (./Sections/Bulk.tex
<Sections/Images/update.png, id=638, 169.63374pt x 231.86626pt>
File: Sections/Images/update.png Graphic file (type png)
<use Sections/Images/update.png>
Package pdftex.def Info: Sections/Images/update.png  used on input line 9.
(pdftex.def)             Requested size: 120.11723pt x 142.26608pt.


LaTeX Warning: No positions in optional float specifier.
               Default added (so using `tbp') on input line 17.

<Sections/Images/ISAWJ0_Bulk2-4.png, id=640, 1300.86pt x 361.35pt>
File: Sections/Images/ISAWJ0_Bulk2-4.png Graphic file (type png)
<use Sections/Images/ISAWJ0_Bulk2-4.png>
Package pdftex.def Info: Sections/Images/ISAWJ0_Bulk2-4.png  used on input line
 19.
(pdftex.def)             Requested size: 475.45825pt x 132.07085pt.

LaTeX Warning: Citation `web:sawRepos' on page 33 undefined on input line 20.


LaTeX Warning: Citation `web:sawRepos' on page 33 undefined on input line 20.


LaTeX Warning: Citation `faizullina2021critical' on page 33 undefined on input 
line 26.

<Sections/Images/bulk2-4_inset.png, id=642, 1445.4pt x 505.89pt>
File: Sections/Images/bulk2-4_inset.png Graphic file (type png)
<use Sections/Images/bulk2-4_inset.png>
Package pdftex.def Info: Sections/Images/bulk2-4_inset.png  used on input line 
30.
(pdftex.def)             Requested size: 475.45825pt x 166.41158pt.

LaTeX Warning: Citation `faizullina2021critical' on page 33 undefined on input 
line 31.


LaTeX Warning: Citation `faizullina2021critical' on page 33 undefined on input 
line 31.


LaTeX Warning: `!h' float specifier changed to `!ht'.

[33

 <./Sections/Images/ISAWJ0_Bulk2-4.png> <./Sections/Images/update.png>]
<Sections/Images/SqLattice.png, id=657, 361.35pt x 361.35pt>
File: Sections/Images/SqLattice.png Graphic file (type png)
<use Sections/Images/SqLattice.png>
Package pdftex.def Info: Sections/Images/SqLattice.png  used on input line 43.
(pdftex.def)             Requested size: 100.09526pt x 100.0966pt.
<Sections/Images/TriLattice.png, id=658, 361.35pt x 361.35pt>
File: Sections/Images/TriLattice.png Graphic file (type png)
<use Sections/Images/TriLattice.png>
Package pdftex.def Info: Sections/Images/TriLattice.png  used on input line 44.

(pdftex.def)             Requested size: 100.09526pt x 100.0966pt.


LaTeX Warning: Citation `faizullina2021critical' on page 34 undefined on input 
line 56.


LaTeX Warning: Citation `caracciolo2011geometrical' on page 34 undefined on inp
ut line 56.


LaTeX Warning: Citation `Privman1986' on page 34 undefined on input line 57.


LaTeX Warning: Citation `foster2021critical' on page 34 undefined on input line
 58.


LaTeX Warning: Citation `Tesi1996' on page 34 undefined on input line 58.


LaTeX Warning: `!h' float specifier changed to `!ht'.

[34 <./Sections/Images/bulk2-4_inset.png> <./Sections/Images/SqLattice.png (PNG
 copy)> <./Sections/Images/TriLattice.png (PNG copy)>]
<Sections/Images/Ising_vs_ISAW.png, id=669, 1445.4pt x 2168.1pt>
File: Sections/Images/Ising_vs_ISAW.png Graphic file (type png)
<use Sections/Images/Ising_vs_ISAW.png>
Package pdftex.def Info: Sections/Images/Ising_vs_ISAW.png  used on input line 
74.
(pdftex.def)             Requested size: 475.46169pt x 611.7285pt.


LaTeX Warning: Float too large for page by 7.52167pt on input line 77.

[35] [36 <./Sections/Images/Ising_vs_ISAW.png>]
<Sections/Images/square_n2_scaling.png, id=684, 939.51pt x 1228.59pt>
File: Sections/Images/square_n2_scaling.png Graphic file (type png)
<use Sections/Images/square_n2_scaling.png>
Package pdftex.def Info: Sections/Images/square_n2_scaling.png  used on input l
ine 106.
(pdftex.def)             Requested size: 245.2399pt x 320.70064pt.
<Sections/Images/square_n2_scaling2.png, id=685, 939.51pt x 1228.59pt>
File: Sections/Images/square_n2_scaling2.png Graphic file (type png)
<use Sections/Images/square_n2_scaling2.png>
Package pdftex.def Info: Sections/Images/square_n2_scaling2.png  used on input 
line 112.
(pdftex.def)             Requested size: 245.2399pt x 320.70064pt.


LaTeX Warning: `!h' float specifier changed to `!ht'.


LaTeX Warning: Citation `web:ProjectMagnetRepos' on page 37 undefined on input 
line 135.

[37] [38 <./Sections/Images/square_n2_scaling.png> <./Sections/Images/square_n2
_scaling2.png>]
<Sections/Images/n23_linear.png, id=716, 1084.05pt x 1156.32pt>
File: Sections/Images/n23_linear.png Graphic file (type png)
<use Sections/Images/n23_linear.png>
Package pdftex.def Info: Sections/Images/n23_linear.png  used on input line 145
.
(pdftex.def)             Requested size: 475.45825pt x 507.15913pt.

Overfull \hbox (37.49742pt too wide) in paragraph at lines 182--190
 [][] 
 []


LaTeX Warning: No positions in optional float specifier.
               Default added (so using `tbp') on input line 202.

[39] [40 <./Sections/Images/n23_linear.png>]

LaTeX Warning: No positions in optional float specifier.
               Default added (so using `tbp') on input line 215.

<Sections/Images/Rand_Path.png, id=759, 433.62pt x 289.08pt>
File: Sections/Images/Rand_Path.png Graphic file (type png)
<use Sections/Images/Rand_Path.png>
Package pdftex.def Info: Sections/Images/Rand_Path.png  used on input line 242.

(pdftex.def)             Requested size: 245.2399pt x 163.4937pt.

Underfull \hbox (badness 10000) in paragraph at lines 243--243
[]\T2A/cmr/m/n/10 Рис. 2.9: []Пример сге-не-ри-ро-ван-но-го блуж-да-ния
 []

<Sections/Images/Rand_Path_Unique.png, id=760, 433.62pt x 289.08pt>
File: Sections/Images/Rand_Path_Unique.png Graphic file (type png)
<use Sections/Images/Rand_Path_Unique.png>
Package pdftex.def Info: Sections/Images/Rand_Path_Unique.png  used on input li
ne 248.
(pdftex.def)             Requested size: 245.2399pt x 163.4937pt.
<Sections/Images/Rand_Path_Neigh.png, id=761, 722.7pt x 433.62pt>
File: Sections/Images/Rand_Path_Neigh.png Graphic file (type png)
<use Sections/Images/Rand_Path_Neigh.png>
Package pdftex.def Info: Sections/Images/Rand_Path_Neigh.png  used on input lin
e 253.
(pdftex.def)             Requested size: 250.24199pt x 150.14162pt.
[41]

LaTeX Warning: `h' float specifier changed to `ht'.


LaTeX Warning: No positions in optional float specifier.
               Default added (so using `tbp') on input line 285.

<Sections/Images/Rand_Path_N1-4_unique.png, id=775, 939.51pt x 1445.4pt>
File: Sections/Images/Rand_Path_N1-4_unique.png Graphic file (type png)
<use Sections/Images/Rand_Path_N1-4_unique.png>
Package pdftex.def Info: Sections/Images/Rand_Path_N1-4_unique.png  used on inp
ut line 288.
(pdftex.def)             Requested size: 450.43253pt x 692.9681pt.

LaTeX Warning: Float too large for page by 72.70401pt on input line 290.


LaTeX Warning: Citation `owczarek2008scaling' on page 42 undefined on input lin
e 294.

[42 <./Sections/Images/Rand_Path.png> <./Sections/Images/Rand_Path_Unique.png> 
<./Sections/Images/Rand_Path_Neigh.png>] [43 <./Sections/Images/Rand_Path_N1-4_
unique.png>]
<Sections/Images/Atmos_to_neibors_p3.png, id=797, 1011.78pt x 361.35pt>
File: Sections/Images/Atmos_to_neibors_p3.png Graphic file (type png)
<use Sections/Images/Atmos_to_neibors_p3.png>
Package pdftex.def Info: Sections/Images/Atmos_to_neibors_p3.png  used on input
 line 300.
(pdftex.def)             Requested size: 250.24199pt x 89.37236pt.
<Sections/Images/Atmos_to_neibors_p2.png, id=798, 1011.78pt x 361.35pt>
File: Sections/Images/Atmos_to_neibors_p2.png Graphic file (type png)
<use Sections/Images/Atmos_to_neibors_p2.png>
Package pdftex.def Info: Sections/Images/Atmos_to_neibors_p2.png  used on input
 line 301.
(pdftex.def)             Requested size: 250.24199pt x 89.37236pt.
<Sections/Images/Atmos_to_neibors_p1.png, id=799, 1011.78pt x 361.35pt>
File: Sections/Images/Atmos_to_neibors_p1.png Graphic file (type png)
<use Sections/Images/Atmos_to_neibors_p1.png>
Package pdftex.def Info: Sections/Images/Atmos_to_neibors_p1.png  used on input
 line 302.
(pdftex.def)             Requested size: 250.24199pt x 89.37236pt.


LaTeX Warning: Citation `owczarek2008scaling' on page 44 undefined on input lin
e 333.


LaTeX Warning: Citation `web:PrellbergPrivate' on page 44 undefined on input li
ne 335.

[44]
! Double superscript.
<recently read> ^
                 
l.338     p^{(1/2/3)}'
                       = p^{(1/2/3)} / (p^{(1)} + p^{(2)} + p^{(3)})
? 
! Double superscript.
<recently read> ^
                 
l.347     k & $p^{(k)}'
                       $ & i & $b(\la n_{i} \ra)$ \\ \hline
? 
! Double superscript.
<recently read> ^
                 
l.356 Р Р°Р·РЅРёС†Р° РјРµР¶РґСѓ $p^{(3)}'
                                         $ Рё $(\la n_{2} \ra)$ СѓРІРµР»РёС‡...

? 

LaTeX Warning: Citation `Spitser1969' on page 45 undefined on input line 360.

[45 <./Sections/Images/Atmos_to_neibors_p3.png> <./Sections/Images/Atmos_to_nei
bors_p2.png> <./Sections/Images/Atmos_to_neibors_p1.png>]) [46]
{\cyrillictext \CYRG \cyrl \cyra \cyrv \cyra } 3.
[47



]
\openout2 = `Sections/Literature.aux'.

 (./Sections/Literature.tex

LaTeX Warning: Citation `LivneSAW1988' on page 48 undefined on input line 9.


LaTeX Warning: Citation `LivneSAW1988' on page 48 undefined on input line 14.

[48

]

LaTeX Warning: Citation `madras1988pivot' on page 49 undefined on input line 55
.

) [49]
\openout2 = `Sections/Technical.aux'.

 (./Sections/Technical.tex

LaTeX Warning: Citation `web:ProjectMagnetRepos' on page 50 undefined on input 
line 8.

<Sections/Images_2/experiment_time.png, id=852, 626.94225pt x 53.60025pt>
File: Sections/Images_2/experiment_time.png Graphic file (type png)
<use Sections/Images_2/experiment_time.png>
Package pdftex.def Info: Sections/Images_2/experiment_time.png  used on input l
ine 33.
(pdftex.def)             Requested size: 475.45825pt x 40.64908pt.

LaTeX Warning: Citation `web:ProjectMagnetRepos' on page 50 undefined on input 
line 36.

) [50



 <./Sections/Images_2/experiment_time.png>] (./РћС‚С‡С‘С‚.bbl
! Undefined control sequence.
l.67 \newblock Study of the {\texttheta
                                       } point by enumeration of self-avoidi...

? 
) [51



] (./РћС‚С‡С‘С‚.aux (./Sections/Introduction.aux) (./Sections/MeanMagn.aux) (./
Sections/MeanEnergy.aux) (./Sections/HeatCapacity.aux)
(./Sections/FreeEnergy.aux) (./Sections/OBCvsPBC.aux)
(./Sections/1DComparison.aux) (./Sections/DatCollMeanMagn2.aux)
(./Sections/RectanCumulant.aux) (./Sections/3DTest.aux) (./Sections/Bulk.aux)
(./Sections/Literature.aux) (./Sections/Technical.aux))

LaTeX Warning: There were undefined references.


LaTeX Warning: There were multiply-defined labels.

Package rerunfilecheck Info: File `РћС‚С‡С‘С‚.out' has not changed.
(rerunfilecheck)             Checksum: A0C2DCD8430F27ADF817149883DA975E;21780.
 ) 
Here is how much of TeX's memory you used:
 15221 strings out of 478040
 249765 string characters out of 5836632
 595712 words of memory out of 5000000
 32972 multiletter control sequences out of 15000+600000
 490700 words of font info for 78 fonts, out of 8000000 for 9000
 1141 hyphenation exceptions out of 8191
 87i,15n,91p,2224b,682s stack positions out of 10000i,1000n,20000p,200000b,200000s
{d:/ProgramFiles/texlive/2022/texmf-dist/fonts/enc/dvips/cm-super/cm-super-t2
a.enc}{d:/ProgramFiles/texlive/2022/texmf-dist/fonts/enc/dvips/cm-super/cm-supe
r-ts1.enc}<d:/ProgramFiles/texlive/2022/texmf-dist/fonts/type1/public/amsfonts/
cm/cmex10.pfb><d:/ProgramFiles/texlive/2022/texmf-dist/fonts/type1/public/amsfo
nts/cm/cmmi10.pfb><d:/ProgramFiles/texlive/2022/texmf-dist/fonts/type1/public/a
msfonts/cm/cmmi12.pfb><d:/ProgramFiles/texlive/2022/texmf-dist/fonts/type1/publ
ic/amsfonts/cm/cmmi5.pfb><d:/ProgramFiles/texlive/2022/texmf-dist/fonts/type1/p
ublic/amsfonts/cm/cmmi6.pfb><d:/ProgramFiles/texlive/2022/texmf-dist/fonts/type
1/public/amsfonts/cm/cmmi7.pfb><d:/ProgramFiles/texlive/2022/texmf-dist/fonts/t
ype1/public/amsfonts/cm/cmmi8.pfb><d:/ProgramFiles/texlive/2022/texmf-dist/font
s/type1/public/amsfonts/cm/cmr10.pfb><d:/ProgramFiles/texlive/2022/texmf-dist/f
onts/type1/public/amsfonts/cm/cmr12.pfb><d:/ProgramFiles/texlive/2022/texmf-dis
t/fonts/type1/public/amsfonts/cm/cmr5.pfb><d:/ProgramFiles/texlive/2022/texmf-d
ist/fonts/type1/public/amsfonts/cm/cmr6.pfb><d:/ProgramFiles/texlive/2022/texmf
-dist/fonts/type1/public/amsfonts/cm/cmr7.pfb><d:/ProgramFiles/texlive/2022/tex
mf-dist/fonts/type1/public/amsfonts/cm/cmr8.pfb><d:/ProgramFiles/texlive/2022/t
exmf-dist/fonts/type1/public/amsfonts/cm/cmsy10.pfb><d:/ProgramFiles/texlive/20
22/texmf-dist/fonts/type1/public/amsfonts/cm/cmsy5.pfb><d:/ProgramFiles/texlive
/2022/texmf-dist/fonts/type1/public/amsfonts/cm/cmsy6.pfb><d:/ProgramFiles/texl
ive/2022/texmf-dist/fonts/type1/public/amsfonts/cm/cmsy7.pfb><d:/ProgramFiles/t
exlive/2022/texmf-dist/fonts/type1/public/amsfonts/cm/cmsy8.pfb><d:/ProgramFile
s/texlive/2022/texmf-dist/fonts/type1/public/amsfonts/symbols/msam10.pfb><d:/Pr
ogramFiles/texlive/2022/texmf-dist/fonts/type1/public/cm-super/sfbx1000.pfb><d:
/ProgramFiles/texlive/2022/texmf-dist/fonts/type1/public/cm-super/sfbx1200.pfb>
<d:/ProgramFiles/texlive/2022/texmf-dist/fonts/type1/public/cm-super/sfbx1440.p
fb><d:/ProgramFiles/texlive/2022/texmf-dist/fonts/type1/public/cm-super/sfbx207
4.pfb><d:/ProgramFiles/texlive/2022/texmf-dist/fonts/type1/public/cm-super/sfbx
2488.pfb><d:/ProgramFiles/texlive/2022/texmf-dist/fonts/type1/public/cm-super/s
frm0600.pfb><d:/ProgramFiles/texlive/2022/texmf-dist/fonts/type1/public/cm-supe
r/sfrm0700.pfb><d:/ProgramFiles/texlive/2022/texmf-dist/fonts/type1/public/cm-s
uper/sfrm0800.pfb><d:/ProgramFiles/texlive/2022/texmf-dist/fonts/type1/public/c
m-super/sfrm1000.pfb><d:/ProgramFiles/texlive/2022/texmf-dist/fonts/type1/publi
c/cm-super/sfrm1200.pfb><d:/ProgramFiles/texlive/2022/texmf-dist/fonts/type1/pu
blic/cm-super/sfrm1728.pfb><d:/ProgramFiles/texlive/2022/texmf-dist/fonts/type1
/public/cm-super/sfti1000.pfb>
Output written on РћС‚С‡С‘С‚.pdf (52 pages, 1876904 bytes).
PDF statistics:
 1046 PDF objects out of 1200 (max. 8388607)
 869 compressed objects within 9 object streams
 260 named destinations out of 1000 (max. 500000)
 625 words of extra memory for PDF output out of 10000 (max. 10000000)

